2024-01-15 14:00:00,000 INFO payment-service: Service started successfully v2.1.0
2024-01-15 14:00:01,000 INFO payment-service: Connected to Stripe API
2024-01-15 14:00:02,000 INFO payment-service: Environment variables loaded
2024-01-15 14:00:03,000 INFO api-gateway: payment-service healthy
2024-01-15 14:00:10,000 INFO payment-service: Payment 2001 processed successfully
2024-01-15 14:00:11,000 INFO payment-service: Payment 2002 processed successfully
2024-01-15 14:00:12,000 INFO payment-service: Payment 2003 processed successfully
2024-01-15 14:05:00,000 INFO payment-service: Deploying new version v2.2.0
2024-01-15 14:05:10,000 INFO payment-service: Shutting down v2.1.0
2024-01-15 14:05:20,000 INFO payment-service: Starting v2.2.0
2024-01-15 14:05:21,000 ERROR payment-service: STRIPE_API_KEY environment variable not set
2024-01-15 14:05:22,000 ERROR payment-service: Failed to initialize Stripe client
2024-01-15 14:05:23,000 WARNING payment-service: Falling back to test mode
2024-01-15 14:05:24,000 ERROR payment-service: Test mode not allowed in production
2024-01-15 14:05:25,000 INFO payment-service: Service started in degraded mode v2.2.0
2024-01-15 14:05:30,000 ERROR payment-service: Payment 2004 failed Stripe client not initialized
2024-01-15 14:05:31,000 ERROR payment-service: Payment 2005 failed Stripe client not initialized
2024-01-15 14:05:32,000 ERROR payment-service: Payment 2006 failed Stripe client not initialized
2024-01-15 14:05:33,000 INFO payment-service: GET /health 200 service appears healthy
2024-01-15 14:05:34,000 INFO payment-service: GET /metrics 200 all metrics normal
2024-01-15 14:05:35,000 ERROR payment-service: POST /checkout 500 Stripe client not initialized
2024-01-15 14:05:36,000 ERROR payment-service: POST /checkout 500 Stripe client not initialized
2024-01-15 14:05:37,000 ERROR api-gateway: payment-service returning 500 on /checkout
2024-01-15 14:05:38,000 INFO api-gateway: payment-service health check passed
2024-01-15 14:05:39,000 WARNING api-gateway: Inconsistent responses from payment-service
2024-01-15 14:05:40,000 ERROR auth-service: Payment callback endpoint returning 500
2024-01-15 14:05:41,000 ERROR auth-service: Post-payment auth flow broken
2024-01-15 14:06:00,000 ERROR payment-service: 100% of payment requests failing
2024-01-15 14:06:01,000 WARNING payment-service: Health endpoint still returning 200
2024-01-15 14:06:02,000 ERROR payment-service: STRIPE_API_KEY missing from environment
2024-01-15 14:06:30,000 INFO payment-service: Rolling back to v2.1.0
2024-01-15 14:06:40,000 INFO payment-service: Rollback complete v2.1.0 restored
2024-01-15 14:06:41,000 INFO payment-service: STRIPE_API_KEY loaded successfully
2024-01-15 14:06:42,000 INFO payment-service: Payment 2007 processed successfully
2024-01-15 14:06:43,000 INFO api-gateway: payment-service fully recovered