2024-01-15 09:00:00,000 INFO worker-service: Service started memory=512MB
2024-01-15 09:00:01,000 INFO worker-service: Job queue initialized max_workers=10
2024-01-15 09:00:02,000 INFO api-gateway: Upstream worker-service healthy
2024-01-15 09:05:00,000 INFO worker-service: Processing job queue memory=534MB
2024-01-15 09:10:00,000 INFO worker-service: Processing job queue memory=578MB
2024-01-15 09:15:00,000 WARNING worker-service: Memory usage growing memory=634MB
2024-01-15 09:20:00,000 WARNING worker-service: Memory usage growing memory=712MB
2024-01-15 09:25:00,000 WARNING worker-service: High memory usage detected memory=798MB
2024-01-15 09:30:00,000 WARNING worker-service: Memory usage critical memory=856MB
2024-01-15 09:35:00,000 WARNING worker-service: Memory usage dangerous memory=934MB
2024-01-15 09:40:00,000 ERROR worker-service: Memory usage at 95% memory=973MB
2024-01-15 09:42:00,000 ERROR worker-service: Failed to allocate memory for job 4521
2024-01-15 09:43:00,000 ERROR worker-service: Failed to allocate memory for job 4522
2024-01-15 09:44:00,000 ERROR worker-service: GC unable to free sufficient memory
2024-01-15 09:45:00,000 ERROR worker-service: OOM killed by kernel memory=1024MB
2024-01-15 09:45:01,000 ERROR api-gateway: worker-service unreachable connection refused
2024-01-15 09:45:02,000 ERROR api-gateway: Upstream worker-service returning 502
2024-01-15 09:45:03,000 ERROR api-gateway: Retrying worker-service attempt 1/3
2024-01-15 09:45:06,000 ERROR api-gateway: Retrying worker-service attempt 2/3
2024-01-15 09:45:09,000 ERROR api-gateway: Retrying worker-service attempt 3/3
2024-01-15 09:45:10,000 ERROR api-gateway: All retries exhausted returning 502 to clients
2024-01-15 09:45:11,000 ERROR auth-service: Background job processor unavailable
2024-01-15 09:45:12,000 WARNING auth-service: Token refresh jobs queuing up
2024-01-15 09:45:13,000 ERROR auth-service: Token refresh backlog exceeded max=100
2024-01-15 09:46:00,000 INFO worker-service: Restarting after OOM kill memory=512MB
2024-01-15 09:46:30,000 INFO worker-service: Service restored memory=512MB
2024-01-15 09:46:31,000 INFO api-gateway: worker-service back online
2024-01-15 09:46:32,000 INFO auth-service: Token refresh jobs resuming
2024-01-15 09:50:00,000 WARNING worker-service: Memory usage growing again memory=598MB
2024-01-15 09:55:00,000 WARNING worker-service: Memory leak suspected memory=672MB